[01-Apr-2021 10:42:03 UTC] SQLSTATE[HY000] [1045] Access denied for user 'foo'@'172.19.0.4' (using password: YES)
[01-Apr-2021 10:42:03 UTC] SQLSTATE[HY000] [1045] Access denied for user 'foo'@'172.19.0.4' (using password: YES)
[01-Apr-2021 10:42:03 UTC] SQLSTATE[HY000] [1045] Access denied for user 'foo'@'172.19.0.4' (using password: YES)
[01-Apr-2021 10:44:46 UTC] SQLSTATE[HY000] [1049] Unknown database 'boxbilling'
[01-Apr-2021 10:44:46 UTC] SQLSTATE[HY000] [1049] Unknown database 'boxbilling'
[01-Apr-2021 10:44:46 UTC] SQLSTATE[HY000] [1049] Unknown database 'boxbilling'
[01-Apr-2021 10:44:50 UTC] SQLSTATE[HY000] [1049] Unknown database 'boxbilling'
[01-Apr-2021 10:44:50 UTC] SQLSTATE[HY000] [1049] Unknown database 'boxbilling'
[01-Apr-2021 10:44:50 UTC] SQLSTATE[HY000] [1049] Unknown database 'boxbilling'
[01-Apr-2021 10:44:51 UTC] SQLSTATE[HY000] [1049] Unknown database 'boxbilling'
[01-Apr-2021 10:44:51 UTC] SQLSTATE[HY000] [1049] Unknown database 'boxbilling'
[01-Apr-2021 10:44:51 UTC] SQLSTATE[HY000] [1049] Unknown database 'boxbilling'
[01-Apr-2021 10:44:52 UTC] SQLSTATE[HY000] [1049] Unknown database 'boxbilling'
[01-Apr-2021 10:44:52 UTC] SQLSTATE[HY000] [1049] Unknown database 'boxbilling'
[01-Apr-2021 10:44:52 UTC] SQLSTATE[HY000] [1049] Unknown database 'boxbilling'
[01-Apr-2021 11:04:48 UTC] SQLSTATE[HY000] [1049] Unknown database 'boxbilling'
[01-Apr-2021 11:04:48 UTC] SQLSTATE[HY000] [1049] Unknown database 'boxbilling'
[01-Apr-2021 11:04:48 UTC] SQLSTATE[HY000] [1049] Unknown database 'boxbilling'
[01-Apr-2021 16:45:45 UTC] Undefined class constant 'MYSQL_ATTR_USE_BUFFERED_QUERY'
[01-Apr-2021 16:46:01 UTC] Undefined class constant 'MYSQL_ATTR_USE_BUFFERED_QUERY'
[01-Apr-2021 16:48:38 UTC] Undefined class constant 'MYSQL_ATTR_USE_BUFFERED_QUERY'
[01-Apr-2021 16:48:39 UTC] Undefined class constant 'MYSQL_ATTR_USE_BUFFERED_QUERY'
[01-Apr-2021 16:57:55 UTC] Undefined class constant 'MYSQL_ATTR_USE_BUFFERED_QUERY'
[01-Apr-2021 16:57:56 UTC] Undefined class constant 'MYSQL_ATTR_USE_BUFFERED_QUERY'
[01-Apr-2021 17:04:16 UTC] Undefined class constant 'MYSQL_ATTR_USE_BUFFERED_QUERY'
[01-Apr-2021 17:12:12 UTC] SQLSTATE[HY000] [2002] Connection refused
[01-Apr-2021 17:12:12 UTC] SQLSTATE[HY000] [2002] Connection refused
[01-Apr-2021 17:19:13 UTC] Undefined class constant 'MYSQL_ATTR_USE_BUFFERED_QUERY'
[01-Apr-2021 17:40:24 UTC] Undefined class constant 'MYSQL_ATTR_USE_BUFFERED_QUERY'
[01-Apr-2021 17:52:53 UTC] Undefined class constant 'MYSQL_ATTR_USE_BUFFERED_QUERY'
[01-Apr-2021 18:21:58 UTC] Undefined class constant 'MYSQL_ATTR_USE_BUFFERED_QUERY'
[02-Apr-2021 08:37:07 UTC] SQLSTATE[HY000] [2002] Connection refused
[02-Apr-2021 08:37:07 UTC] SQLSTATE[HY000] [2002] Connection refused
[02-Apr-2021 08:39:06 UTC] SQLSTATE[HY000] [2002] Connection refused
[02-Apr-2021 08:39:06 UTC] SQLSTATE[HY000] [2002] Connection refused
[02-Apr-2021 09:13:01 UTC] SQLSTATE[HY000] [2002] Connection refused
[02-Apr-2021 09:13:02 UTC] SQLSTATE[HY000] [2002] Connection refused
[02-Apr-2021 09:16:45 UTC] Unable to find template "mod_page_dd-admin.phtml" (looked into: /var/www/html/bb-themes/boxbilling/html, /var/www/html/bb-modules/Page/html_client).
[02-Apr-2021 09:16:45 UTC] Box_Exception: Page not found in /var/www/html/bb-library/Box/AppClient.php:77
Stack trace:
#0 /var/www/html/bb-library/Box/AppClient.php(56): Box_AppClient->render('mod_page_dd-adm...', Array, 'phtml')
#1 [internal function]: Box_AppClient->get_custom_page('dd-admin')
#2 /var/www/html/bb-library/Box/App.php(220): ReflectionMethod->invokeArgs(Object(Box_AppClient), Array)
#3 /var/www/html/bb-library/Box/App.php(259): Box_App->execute('get_custom_page', Array)
#4 /var/www/html/bb-library/Box/App.php(143): Box_App->processRequest()
#5 /var/www/html/index.php(31): Box_App->run()
#6 {main}
[02-Apr-2021 09:16:45 UTC] Page /dd-admin not found
[02-Apr-2021 09:16:50 UTC] Unable to find template "mod_page_dd-admin.php" (looked into: /var/www/html/bb-themes/boxbilling/html, /var/www/html/bb-modules/Page/html_client).
[02-Apr-2021 09:16:50 UTC] Box_Exception: Page not found in /var/www/html/bb-library/Box/AppClient.php:77
Stack trace:
#0 /var/www/html/bb-library/Box/AppClient.php(56): Box_AppClient->render('mod_page_dd-adm...', Array, 'php')
#1 [internal function]: Box_AppClient->get_custom_page('dd-admin')
#2 /var/www/html/bb-library/Box/App.php(220): ReflectionMethod->invokeArgs(Object(Box_AppClient), Array)
#3 /var/www/html/bb-library/Box/App.php(259): Box_App->execute('get_custom_page', Array)
#4 /var/www/html/bb-library/Box/App.php(143): Box_App->processRequest()
#5 /var/www/html/index.php(31): Box_App->run()
#6 {main}
[02-Apr-2021 09:16:50 UTC] Page /dd-admin.php not found
[02-Apr-2021 09:43:43 UTC] SQLSTATE[HY000] [2002] Connection refused
[02-Apr-2021 09:43:43 UTC] Module css Admin controller class was not found
[02-Apr-2021 09:45:47 UTC] Check your login details 403
[02-Apr-2021 10:02:40 UTC] SQLSTATE[HY000] [2002] Connection refused
[02-Apr-2021 10:02:41 UTC] SQLSTATE[HY000] [2002] Connection refused
[02-Apr-2021 10:03:13 UTC] Please check your login details 403
[02-Apr-2021 10:04:10 UTC] SQLSTATE[HY000] [2002] php_network_getaddresses: getaddrinfo failed: Name or service not known
[02-Apr-2021 10:08:38 UTC] SQLSTATE[HY000] [1049] Unknown database 'boxbilling'
[02-Apr-2021 10:08:39 UTC] SQLSTATE[HY000] [1049] Unknown database 'boxbilling'
[03-Apr-2021 00:11:43 UTC] SQLSTATE[HY000] [1049] Unknown database 'boxbilling'
[03-Apr-2021 00:12:13 UTC] SQLSTATE[HY000] [1049] Unknown database 'boxbilling'
[03-Apr-2021 00:12:43 UTC] SQLSTATE[HY000] [1049] Unknown database 'boxbilling'
[03-Apr-2021 00:13:13 UTC] SQLSTATE[HY000] [1049] Unknown database 'boxbilling'
[03-Apr-2021 00:13:43 UTC] SQLSTATE[HY000] [1049] Unknown database 'boxbilling'
[03-Apr-2021 00:14:13 UTC] SQLSTATE[HY000] [1049] Unknown database 'boxbilling'
[03-Apr-2021 00:14:44 UTC] SQLSTATE[HY000] [1049] Unknown database 'boxbilling'
[03-Apr-2021 00:15:14 UTC] SQLSTATE[HY000] [1049] Unknown database 'boxbilling'
[03-Apr-2021 00:15:44 UTC] SQLSTATE[HY000] [1049] Unknown database 'boxbilling'
[03-Apr-2021 00:16:14 UTC] SQLSTATE[HY000] [1049] Unknown database 'boxbilling'
[03-Apr-2021 00:16:44 UTC] SQLSTATE[HY000] [1049] Unknown database 'boxbilling'
[03-Apr-2021 00:17:14 UTC] SQLSTATE[HY000] [1049] Unknown database 'boxbilling'
[03-Apr-2021 00:17:45 UTC] SQLSTATE[HY000] [1049] Unknown database 'boxbilling'
[03-Apr-2021 00:18:15 UTC] SQLSTATE[HY000] [1049] Unknown database 'boxbilling'
[03-Apr-2021 00:18:45 UTC] SQLSTATE[HY000] [1049] Unknown database 'boxbilling'
[03-Apr-2021 00:19:15 UTC] SQLSTATE[HY000] [1049] Unknown database 'boxbilling'
[03-Apr-2021 00:19:45 UTC] SQLSTATE[HY000] [1049] Unknown database 'boxbilling'
[03-Apr-2021 00:20:15 UTC] SQLSTATE[HY000] [1049] Unknown database 'boxbilling'
[03-Apr-2021 00:20:46 UTC] SQLSTATE[HY000] [1049] Unknown database 'boxbilling'
[03-Apr-2021 00:21:16 UTC] SQLSTATE[HY000] [1049] Unknown database 'boxbilling'
[03-Apr-2021 00:21:46 UTC] SQLSTATE[HY000] [1049] Unknown database 'boxbilling'
[03-Apr-2021 00:22:16 UTC] SQLSTATE[HY000] [1049] Unknown database 'boxbilling'
[03-Apr-2021 00:22:46 UTC] SQLSTATE[HY000] [1049] Unknown database 'boxbilling'
[03-Apr-2021 00:28:22 UTC] SQLSTATE[HY000] [1049] Unknown database 'boxbilling'
[03-Apr-2021 00:28:22 UTC] SQLSTATE[HY000] [1049] Unknown database 'boxbilling'
[03-Apr-2021 00:28:23 UTC] SQLSTATE[HY000] [1049] Unknown database 'boxbilling'
